<?xml version="1.0" encoding="UTF-8"?>
<testsuite name="PastPaymentTest" tests="13" skipped="0" failures="0" errors="0" timestamp="2019-05-05T19:44:02" hostname="DESKTOP-D9TLLAO" time="0.01">
  <properties/>
  <testcase name="getPaymentDescription" classname="PastPaymentTest" time="0.001"/>
  <testcase name="getPaymentID" classname="PastPaymentTest" time="0.0"/>
  <testcase name="setPaymentDate" classname="PastPaymentTest" time="0.001"/>
  <testcase name="setPaymentName" classname="PastPaymentTest" time="0.0"/>
  <testcase name="setPaymentType" classname="PastPaymentTest" time="0.001"/>
  <testcase name="setPaymentDescription" classname="PastPaymentTest" time="0.0"/>
  <testcase name="getPaymentPrice" classname="PastPaymentTest" time="0.002"/>
  <testcase name="setPaymentID" classname="PastPaymentTest" time="0.0"/>
  <testcase name="toString_TEST" classname="PastPaymentTest" time="0.001"/>
  <testcase name="setPaymentPrice" classname="PastPaymentTest" time="0.0"/>
  <testcase name="getPaymentDate" classname="PastPaymentTest" time="0.0"/>
  <testcase name="getPaymentName" classname="PastPaymentTest" time="0.0"/>
  <testcase name="getPaymentType" classname="PastPaymentTest" time="0.001"/>
  <system-out><![CDATA[]]></system-out>
  <system-err><![CDATA[]]></system-err>
</testsuite>
