<?xml version="1.0" encoding="UTF-8"?>
<testsuite name="FuturePaymentTest" tests="11" skipped="0" failures="0" errors="0" timestamp="2019-05-05T19:44:02" hostname="DESKTOP-D9TLLAO" time="0.013">
  <properties/>
  <testcase name="getPaymentDescription" classname="FuturePaymentTest" time="0.01"/>
  <testcase name="getPaymentID" classname="FuturePaymentTest" time="0.0"/>
  <testcase name="setPaymentName" classname="FuturePaymentTest" time="0.0"/>
  <testcase name="setPaymentType" classname="FuturePaymentTest" time="0.0"/>
  <testcase name="setPaymentDescription" classname="FuturePaymentTest" time="0.0"/>
  <testcase name="getPaymentPrice" classname="FuturePaymentTest" time="0.0"/>
  <testcase name="setPaymentID" classname="FuturePaymentTest" time="0.0"/>
  <testcase name="toString_TEST" classname="FuturePaymentTest" time="0.0"/>
  <testcase name="setPaymentPrice" classname="FuturePaymentTest" time="0.001"/>
  <testcase name="getPaymentName" classname="FuturePaymentTest" time="0.0"/>
  <testcase name="getPaymentType" classname="FuturePaymentTest" time="0.0"/>
  <system-out><![CDATA[]]></system-out>
  <system-err><![CDATA[]]></system-err>
</testsuite>
