<?xml version="1.0" encoding="UTF-8"?>
<testsuite name="PaymentsManagerTest" tests="6" skipped="0" failures="0" errors="0" timestamp="2019-05-05T19:44:02" hostname="DESKTOP-D9TLLAO" time="0.004">
  <properties/>
  <testcase name="setPastRepo" classname="PaymentsManagerTest" time="0.001"/>
  <testcase name="getPastRepo" classname="PaymentsManagerTest" time="0.0"/>
  <testcase name="getFutureRepo" classname="PaymentsManagerTest" time="0.0"/>
  <testcase name="setFutureRepo" classname="PaymentsManagerTest" time="0.0"/>
  <testcase name="getSpecificPastPayment" classname="PaymentsManagerTest" time="0.0"/>
  <testcase name="getSpecificFuturePayment" classname="PaymentsManagerTest" time="0.0"/>
  <system-out><![CDATA[]]></system-out>
  <system-err><![CDATA[]]></system-err>
</testsuite>
