<?xml version="1.0" encoding="UTF-8"?>
<testsuite name="JsonReaderTest" tests="1" skipped="0" failures="0" errors="0" timestamp="2019-05-05T19:44:02" hostname="DESKTOP-D9TLLAO" time="0.031">
  <properties/>
  <testcase name="readJsonFromUrl" classname="JsonReaderTest" time="0.031"/>
  <system-out><![CDATA[]]></system-out>
  <system-err><![CDATA[]]></system-err>
</testsuite>
